[Sat Jul 16 01:00:52.129 2011] 0.000 sec [bool/3/ext 0 (0,5)] [place_core] gorengan
[Sat Jul 16 01:01:12.737 2011] 0.000 sec [bool/3/ext 0 (0,5)] [place_core] gorengan
[Sat Jul 16 01:14:52.259 2011] 0.000 sec [scan/2/rel 0 (0,20)] [place_core]
[Sat Jul 16 01:14:52.311 2011] 0.000 sec [scan/2/rel 0 (0,20)] [place_core]
[Sat Jul 16 01:15:41.200 2011] 0.000 sec [scan/3/ext 1 (0,5)] [place_core]
[Sat Jul 16 01:15:50.560 2011] 0.000 sec [bool/3/ext 0 (0,5)] [place_core] asem
[Sat Jul 16 02:39:46.527 2011] 0.000 sec [bool/3/ext 0 (0,5)] [place_core] gorengan
[Sat Jul 16 02:39:50.740 2011] 0.000 sec [scan/3/ext 1 (0,5)] [place_core]
[Sat Jul 16 03:30:09.648 2011] 0.000 sec [scan/2/rel 0 (0,20)] [place_core]
[Sat Jul 16 03:30:09.826 2011] 0.000 sec [scan/2/rel 1 (0,20)] [place_core]
[Sat Jul 16 03:30:59.351 2011] 0.000 sec [bool/3/ext 1 (0,5)] [place_core] kijar
[Sat Jul 16 03:31:26.903 2011] 0.000 sec [scan/3/ext 2 (0,5)] [place_core]
[Sat Jul 16 03:37:57.285 2011] 0.000 sec [scan/2/rel 1 (0,20)] [place_core]
[Sat Jul 16 03:42:08.763 2011] 0.000 sec [scan/2/rel 1 (0,20)] [place_core]
[Sat Jul 16 04:00:38.426 2011] 0.000 sec [bool/3/ext 0 (0,5)] [place_core] paliyan
[Tue Jul 19 17:31:09.232 2011] 0.000 sec [scan/3/ext 2 (0,5)] [place_core]
[Tue Jul 19 17:31:42.550 2011] 0.030 sec [bool/3/ext 1 (0,5)] [place_core] bebek'
[Tue Jul 19 17:31:47.285 2011] 0.000 sec [bool/3/ext 0 (0,5)] [place_core] haha
[Tue Jul 19 17:31:51.704 2011] 0.000 sec [scan/3/ext 2 (0,5)] [place_core]
[Tue Jul 19 19:34:17.550 2011] 0.000 sec [bool/3/ext 0 (0,5)] [place_core] haha
[Tue Jul 19 19:34:36.076 2011] 0.000 sec [bool/3/ext 0 (0,5)] [place_core] gorenan
[Tue Jul 19 19:34:39.357 2011] 0.000 sec [bool/3/ext 2 (0,5)] [place_core] gorengan
[Tue Jul 19 19:36:01.697 2011] 0.000 sec [bool/3/ext 2 (0,5)] [place_core] gorengan
[Tue Jul 19 19:36:09.118 2011] 0.000 sec [bool/3/ext 0 (0,5)] [place_core] haha
[Tue Aug  2 04:05:44.345 2011] 0.017 sec [scan/3/ext 2 (0,5)] [place_core]
[Wed Aug 10 18:45:55.847 2011] 0.018 sec [scan/3/ext 2 (0,5)] [place_core]
[Wed Aug 10 18:54:57.778 2011] 0.029 sec [bool/3/ext 2 (0,5)] [place_core] nasi
[Wed Aug 10 18:55:33.185 2011] 0.000 sec [scan/3/ext 2 (0,5)] [place_core]
[Wed Aug 10 18:58:51.116 2011] 0.000 sec [scan/3/ext 2 (0,5)] [place_core]
[Fri Aug 12 19:19:09.843 2011] 0.035 sec [bool/3/ext 1 (0,5)] [place_core] angkringan
[Fri Aug 12 19:19:37.539 2011] 0.000 sec [scan/3/ext 2 (0,5)] [place_core]
[Fri Aug 12 19:20:24.136 2011] 0.000 sec [scan/3/ext 2 (0,5)] [place_core]
[Wed Sep 14 09:58:10.110 2011] 0.017 sec [scan/3/ext 2 (0,5)] [place_core]
[Wed Sep 14 22:55:34.721 2011] 0.000 sec [scan/3/ext 2 (0,5)] [place_core]
[Wed Sep 14 23:28:55.992 2011] 0.000 sec [scan/2/rel 1 (0,20)] [place_core]
[Wed Sep 14 23:29:39.919 2011] 0.000 sec [scan/3/ext 2 (0,5)] [place_core]
[Wed Sep 14 23:40:16.887 2011] 0.000 sec [scan/3/ext 2 (0,5)] [place_core]
[Wed Sep 14 23:40:26.075 2011] 0.000 sec [bool/3/ext 0 (0,5)] [place_core] traditional
[Wed Sep 14 23:41:30.219 2011] 0.000 sec [bool/3/ext 1 (0,5)] [place_core] traditional
[Wed Sep 14 23:49:07.230 2011] 0.000 sec [scan/3/ext 2 (0,5)] [place_core]
[Wed Sep 14 23:52:03.146 2011] 0.000 sec [scan/3/ext 2 (0,5)] [place_core]
[Wed Sep 14 23:52:05.460 2011] 0.000 sec [scan/3/ext 2 (0,5)] [place_core]
[Wed Sep 14 23:53:57.584 2011] 0.000 sec [scan/3/ext 2 (0,5)] [place_core]
[Wed Sep 14 23:54:00.175 2011] 0.000 sec [scan/3/ext 2 (0,5)] [place_core]
[Wed Sep 14 23:55:57.937 2011] 0.000 sec [scan/3/ext 2 (0,5)] [place_core]
